TwelfthDoctor1's Master Log
Apprentice Version: Developer Version 1.3.0
==================================================================================================
Creation Date: 7 August 2023 [UK] | 2023 August 7 [US]
Creation Time: 08:47:53 AM
==================================================================================================
NEW LOG ENTRIES WILL BE APPENDED BELOW. ALL DATETIME WILL FOLLOW THE UK FORMAT.
==================================================================================================
MASTER LOG IS USED UNDER THE DIGRESSION OF TWELFTHDOCTOR1 UNDER THE USAGE OF DEBUG & TESTING.
==================================================================================================

[INFO: 7 August 2023 | 08:47:54 AM] JSONHandler Class @ BusStopData | None]

JSON File has been updated. All previous data entries have been overridden.
==================================================================================================

[INFO: 7 August 2023 | 08:47:54 AM] JSONHandler Class @ BusStopData | None]

Formulated & ascertained JSON File Data. Data can now be acquired/set with get/set functions.
==================================================================================================

[INFO: 7 August 2023 | 08:47:54 AM] JSONHandler Class @ BusServiceData | None]

JSON File has been updated. All previous data entries have been overridden.
==================================================================================================

[INFO: 7 August 2023 | 08:47:54 AM] JSONHandler Class @ BusServiceData | None]

Formulated & ascertained JSON File Data. Data can now be acquired/set with get/set functions.
==================================================================================================

[INFO: 7 August 2023 | 08:47:54 AM] Main Module | TwelfthDoctor1]

Updated data for Bus stop and Services data.
==================================================================================================

[INFO: 7 August 2023 | 08:47:54 AM] JSONHandler Class @ MemoryData | None]

JSON File (MemoryData) already exists. Skipping...
==================================================================================================

[INFO: 7 August 2023 | 08:47:54 AM] JSONHandler Class @ MemoryData | None]

Formulated & ascertained JSON File Data. Data can now be acquired/set with get/set functions.
==================================================================================================

[INFO: 7 August 2023 | 08:48:02 AM] JSONHandler Class @ MemoryData | None]

Formulated & ascertained JSON File Data. Data can now be acquired/set with get/set functions.
==================================================================================================

[INFO: 7 August 2023 | 08:48:04 AM] JSONHandler Class @ MemoryData | None]

JSON File has been updated. All previous data entries have been overridden.
==================================================================================================

[INFO: 7 August 2023 | 08:48:27 AM] JSONHandler Class @ MemoryData | None]

JSON File has been updated. All previous data entries have been overridden.
==================================================================================================

[INFO: 7 August 2023 | 08:48:33 AM] JSONHandler Class @ MemoryData | None]

JSON File has been updated. All previous data entries have been overridden.
==================================================================================================

[INFO: 7 August 2023 | 08:48:49 AM] JSONHandler Class @ MemoryData | None]

JSON File has been updated. All previous data entries have been overridden.
==================================================================================================

[INFO: 7 August 2023 | 08:48:53 AM] JSONHandler Class @ MemoryData | None]

JSON File has been updated. All previous data entries have been overridden.
==================================================================================================